<?xml version="1.0" encoding="UTF-8"?>
<testng-results skipped="0" failed="0" total="1" passed="1">
  <reporter-output>
  </reporter-output>
  <suite name="Default suite" duration-ms="2842" started-at="2016-10-10T04:34:45Z" finished-at="2016-10-10T04:34:48Z">
    <groups>
    </groups>
    <test name="Default test" duration-ms="2842" started-at="2016-10-10T04:34:45Z" finished-at="2016-10-10T04:34:48Z">
      <class name="com.test.TwitterTest">
        <test-method status="PASS" signature="beforeSuite()[pri:0, instance:com.test.TwitterTest@51081592]" name="beforeSuite" is-config="true" duration-ms="67" started-at="2016-10-09T21:34:45Z" finished-at="2016-10-09T21:34:45Z">
          <reporter-output>
          </reporter-output>
        </test-method> <!-- beforeSuite -->
        <test-method status="PASS" signature="beforeClass()[pri:0, instance:com.test.TwitterTest@51081592]" name="beforeClass" is-config="true" duration-ms="2721" started-at="2016-10-09T21:34:45Z" finished-at="2016-10-09T21:34:48Z">
          <reporter-output>
          </reporter-output>
        </test-method> <!-- beforeClass -->
        <test-method status="PASS" signature="testStatusCode()[pri:0, instance:com.test.TwitterTest@51081592]" name="testStatusCode" duration-ms="11" started-at="2016-10-09T21:34:48Z" finished-at="2016-10-09T21:34:48Z">
          <reporter-output>
          </reporter-output>
        </test-method> <!-- testStatusCode -->
        <test-method status="PASS" signature="afterSuite()[pri:0, instance:com.test.TwitterTest@51081592]" name="afterSuite" is-config="true" duration-ms="1" started-at="2016-10-09T21:34:48Z" finished-at="2016-10-09T21:34:48Z">
          <reporter-output>
          </reporter-output>
        </test-method> <!-- afterSuite -->
      </class> <!-- com.test.TwitterTest -->
    </test> <!-- Default test -->
  </suite> <!-- Default suite -->
</testng-results>
