<?xml version="1.0" encoding="UTF-8"?>
<testng-results skipped="0" failed="0" total="5" passed="5">
  <reporter-output>
  </reporter-output>
  <suite name="Default suite" duration-ms="2398" started-at="2016-10-10T00:15:32Z" finished-at="2016-10-10T00:15:35Z">
    <groups>
    </groups>
    <test name="Default test" duration-ms="2398" started-at="2016-10-10T00:15:32Z" finished-at="2016-10-10T00:15:35Z">
      <class name="com.test.TwitterTest">
        <test-method status="PASS" signature="beforeSuite()[pri:0, instance:com.test.TwitterTest@51081592]" name="beforeSuite" is-config="true" duration-ms="21" started-at="2016-10-09T17:15:32Z" finished-at="2016-10-09T17:15:32Z">
          <reporter-output>
          </reporter-output>
        </test-method> <!-- beforeSuite -->
        <test-method status="PASS" signature="beforeClass()[pri:0, instance:com.test.TwitterTest@51081592]" name="beforeClass" is-config="true" duration-ms="2248" started-at="2016-10-09T17:15:32Z" finished-at="2016-10-09T17:15:35Z">
          <reporter-output>
          </reporter-output>
        </test-method> <!-- beforeClass -->
        <test-method status="PASS" signature="testCreatedAt()[pri:0, instance:com.test.TwitterTest@51081592]" name="testCreatedAt" duration-ms="14" started-at="2016-10-09T17:15:35Z" finished-at="2016-10-09T17:15:35Z">
          <reporter-output>
          </reporter-output>
        </test-method> <!-- testCreatedAt -->
        <test-method status="PASS" signature="testEntitiesUrl()[pri:0, instance:com.test.TwitterTest@51081592]" name="testEntitiesUrl" duration-ms="2" started-at="2016-10-09T17:15:35Z" finished-at="2016-10-09T17:15:35Z">
          <reporter-output>
          </reporter-output>
        </test-method> <!-- testEntitiesUrl -->
        <test-method status="PASS" signature="testListOfObjects()[pri:0, instance:com.test.TwitterTest@51081592]" name="testListOfObjects" duration-ms="9" started-at="2016-10-09T17:15:35Z" finished-at="2016-10-09T17:15:35Z">
          <reporter-output>
          </reporter-output>
        </test-method> <!-- testListOfObjects -->
        <test-method status="PASS" signature="testStatusCode()[pri:0, instance:com.test.TwitterTest@51081592]" name="testStatusCode" duration-ms="1" started-at="2016-10-09T17:15:35Z" finished-at="2016-10-09T17:15:35Z">
          <reporter-output>
          </reporter-output>
        </test-method> <!-- testStatusCode -->
        <test-method status="PASS" signature="testUserScreenName()[pri:0, instance:com.test.TwitterTest@51081592]" name="testUserScreenName" duration-ms="1" started-at="2016-10-09T17:15:35Z" finished-at="2016-10-09T17:15:35Z">
          <reporter-output>
          </reporter-output>
        </test-method> <!-- testUserScreenName -->
        <test-method status="PASS" signature="afterSuite()[pri:0, instance:com.test.TwitterTest@51081592]" name="afterSuite" is-config="true" duration-ms="0" started-at="2016-10-09T17:15:35Z" finished-at="2016-10-09T17:15:35Z">
          <reporter-output>
          </reporter-output>
        </test-method> <!-- afterSuite -->
      </class> <!-- com.test.TwitterTest -->
    </test> <!-- Default test -->
  </suite> <!-- Default suite -->
</testng-results>
